[35m[1mScanning dependencies of target talker[0m
[ 50%] [32mBuilding CXX object CMakeFiles/talker.dir/src/motion_ref_generator.cpp.o[0m
[01m[K/home/danielh/mas418_ros2_ws/src/crane_controller/src/motion_ref_generator.cpp:[m[K In member function â€˜[01m[Kvoid MinimalPublisher::timer_callback()[m[Kâ€™:
[01m[K/home/danielh/mas418_ros2_ws/src/crane_controller/src/motion_ref_generator.cpp:30:41:[m[K [01;31m[Kerror: [m[Kexpected â€˜[01m[K;[m[Kâ€™ before â€˜[01m[K)[m[Kâ€™ token
   30 |     message.cyl_vel_ref = this->count_++[01;31m[K)[m[K;
      |                                         [01;31m[K^[m[K
      |                                         [32m[K;[m[K
make[2]: *** [CMakeFiles/talker.dir/build.make:63: CMakeFiles/talker.dir/src/motion_ref_generator.cpp.o] Error 1
make[1]: *** [CMakeFiles/Makefile2:78: CMakeFiles/talker.dir/all] Error 2
make: *** [Makefile:141: all] Error 2
