[01m[K/home/danielh/mas418_ros2_ws/src/crane_controller/src/motion_ref_generator.cpp:18:28:[m[K [01;31m[Kerror: [m[KISO C++ forbids declaration of â€˜[01m[KMotionReferencePublisher[m[Kâ€™ with no type [[01;31m[K-fpermissive[m[K]
   18 |   MotionReferencePublisher([01;31m[K)[m[K
      |                            [01;31m[K^[m[K
[01m[K/home/danielh/mas418_ros2_ws/src/crane_controller/src/motion_ref_generator.cpp:[m[K In member function â€˜[01m[Kint MinimalPublisher::MotionReferencePublisher()[m[Kâ€™:
[01m[K/home/danielh/mas418_ros2_ws/src/crane_controller/src/motion_ref_generator.cpp:19:5:[m[K [01;31m[Kerror: [m[Konly constructors take member initializers
   19 |   : [01;31m[KNode[m[K("motion_reference_publisher"), count_(0)
      |     [01;31m[K^~~~[m[K
[01m[K/home/danielh/mas418_ros2_ws/src/crane_controller/src/motion_ref_generator.cpp:23:25:[m[K [01;31m[Kerror: [m[Kâ€˜[01m[KMotionReferencePublisher[m[Kâ€™ is not a class, namespace, or enumeration
   23 |       500ms, std::bind(&[01;31m[KMotionReferencePublisher[m[K::timer_callback, this));
      |                         [01;31m[K^~~~~~~~~~~~~~~~~~~~~~~~[m[K
[01m[K/home/danielh/mas418_ros2_ws/src/crane_controller/src/motion_ref_generator.cpp:24:3:[m[K [01;35m[Kwarning: [m[Kno return statement in function returning non-void [[01;35m[K-Wreturn-type[m[K]
   24 |   [01;35m[K}[m[K
      |   [01;35m[K^[m[K
[01m[K/home/danielh/mas418_ros2_ws/src/crane_controller/src/motion_ref_generator.cpp:[m[K In function â€˜[01m[Kint main(int, char**)[m[Kâ€™:
[01m[K/home/danielh/mas418_ros2_ws/src/crane_controller/src/motion_ref_generator.cpp:42:33:[m[K [01;31m[Kerror: [m[Kâ€˜[01m[KMotionReferencePublisher[m[Kâ€™ was not declared in this scope
   42 |   rclcpp::spin(std::make_shared<[01;31m[KMotionReferencePublisher[m[K>());
      |                                 [01;31m[K^~~~~~~~~~~~~~~~~~~~~~~~[m[K
[01m[K/home/danielh/mas418_ros2_ws/src/crane_controller/src/motion_ref_generator.cpp:42:59:[m[K [01;31m[Kerror: [m[Kno matching function for call to â€˜[01m[Kmake_shared<<expression error> >()[m[Kâ€™
   42 |   rclcpp::spin(std::make_shared<MotionReferencePublisher>([01;31m[K)[m[K);
      |                                                           [01;31m[K^[m[K
In file included from [01m[K/usr/include/c++/9/memory:81[m[K,
                 from [01m[K/home/danielh/mas418_ros2_ws/src/crane_controller/src/motion_ref_generator.cpp:3[m[K:
[01m[K/usr/include/c++/9/bits/shared_ptr.h:714:5:[m[K [01;36m[Knote: [m[Kcandidate: â€˜[01m[Ktemplate<class _Tp, class ... _Args> std::shared_ptr<_Tp> std::make_shared(_Args&& ...)[m[Kâ€™
  714 |     [01;36m[Kmake_shared[m[K(_Args&&... __args)
      |     [01;36m[K^~~~~~~~~~~[m[K
[01m[K/usr/include/c++/9/bits/shared_ptr.h:714:5:[m[K [01;36m[Knote: [m[K  template argument deduction/substitution failed:
[01m[K/home/danielh/mas418_ros2_ws/src/crane_controller/src/motion_ref_generator.cpp:42:59:[m[K [01;31m[Kerror: [m[Ktemplate argument 1 is invalid
   42 |   rclcpp::spin(std::make_shared<MotionReferencePublisher>([01;31m[K)[m[K);
      |                                                           [01;31m[K^[m[K
make[2]: *** [CMakeFiles/talker.dir/build.make:63: CMakeFiles/talker.dir/src/motion_ref_generator.cpp.o] Error 1
make[1]: *** [CMakeFiles/Makefile2:78: CMakeFiles/talker.dir/all] Error 2
make: *** [Makefile:141: all] Error 2
