[0.034s] Invoking command in '/home/danielh/mas418_ros2_ws/build/crane_controller': CMAKE_PREFIX_PATH=${CMAKE_PREFIX_PATH}:/home/danielh/ros2_galactic/install/rqt_bag_plugins:/home/danielh/ros2_galactic/install/rqt_bag:/home/danielh/ros2_galactic/install/ros2bag:/home/danielh/ros2_galactic/install/tracetools_launch:/home/danielh/ros2_galactic/install/topic_monitor:/home/danielh/ros2_galactic/install/tf2_tools:/home/danielh/ros2_galactic/install/examples_tf2_py:/home/danielh/ros2_galactic/install/tf2_ros_py:/home/danielh/ros2_galactic/install/sros2:/home/danielh/ros2_galactic/install/rqt_topic:/home/danielh/ros2_galactic/install/rqt_top:/home/danielh/ros2_galactic/install/rqt_srv:/home/danielh/ros2_galactic/install/rqt_shell:/home/danielh/ros2_galactic/install/rqt_service_caller:/home/danielh/ros2_galactic/install/rqt_reconfigure:/home/danielh/ros2_galactic/install/rqt_py_console:/home/danielh/ros2_galactic/install/rqt_publisher:/home/danielh/ros2_galactic/install/rqt_plot:/home/danielh/ros2_galactic/install/rqt_action:/home/danielh/ros2_galactic/install/rqt_msg:/home/danielh/ros2_galactic/install/rqt_console:/home/danielh/ros2_galactic/install/rqt:/home/danielh/ros2_galactic/install/rqt_graph:/home/danielh/ros2_galactic/install/rqt_gui_py:/home/danielh/ros2_galactic/install/rqt_gui:/home/danielh/ros2_galactic/install/ros2trace:/home/danielh/ros2_galactic/install/ros2topic:/home/danielh/ros2_galactic/install/ros2test:/home/danielh/ros2_galactic/install/ros2component:/home/danielh/ros2_galactic/install/ros2param:/home/danielh/ros2_galactic/install/ros2lifecycle:/home/danielh/ros2_galactic/install/ros2service:/home/danielh/ros2_galactic/install/ros2run:/home/danielh/ros2_galactic/install/ros2launch:/home/danielh/ros2_galactic/install/ros2pkg:/home/danielh/ros2_galactic/install/ros2node:/home/danielh/ros2_galactic/install/ros2multicast:/home/danielh/ros2_galactic/install/ros2interface:/home/danielh/ros2_galactic/install/ros2doctor:/home/danielh/ros2_galactic/install/ros2action:/home/danielh/ros2_galactic/install/ros2cli:/home/danielh/ros2_galactic/install/quality_of_service_demo_py:/home/danielh/ros2_galactic/install/launch_testing_ros:/home/danielh/ros2_galactic/install/launch_ros:/home/danielh/ros2_galactic/install/joint_state_publisher_gui:/home/danielh/ros2_galactic/install/joint_state_publisher:/home/danielh/ros2_galactic/install/examples_rclpy_pointcloud_publisher:/home/danielh/ros2_galactic/install/examples_rclpy_minimal_subscriber:/home/danielh/ros2_galactic/install/examples_rclpy_minimal_service:/home/danielh/ros2_galactic/install/examples_rclpy_minimal_publisher:/home/danielh/ros2_galactic/install/examples_rclpy_minimal_client:/home/danielh/ros2_galactic/install/examples_rclpy_minimal_action_server:/home/danielh/ros2_galactic/install/examples_rclpy_minimal_action_client:/home/danielh/ros2_galactic/install/examples_rclpy_guard_conditions:/home/danielh/ros2_galactic/install/examples_rclpy_executors:/home/danielh/ros2_galactic/install/demo_nodes_py:/home/danielh/ros2_galactic/install/action_tutorials_py:/home/danielh/ros2_galactic/install/ament_uncrustify:/home/danielh/ros2_galactic/install/tracetools_trace:/home/danielh/ros2_galactic/install/tracetools_read:/home/danielh/ros2_galactic/install/test_launch_ros:/home/danielh/ros2_galactic/install/sensor_msgs_py:/home/danielh/ros2_galactic/install/rpyutils:/home/danielh/ros2_galactic/install/rosidl_runtime_py:/home/danielh/ros2_galactic/install/rosidl_cli:/home/danielh/ros2_galactic/install/launch_yaml:/home/danielh/ros2_galactic/install/launch_xml:/home/danielh/ros2_galactic/install/launch_testing:/home/danielh/ros2_galactic/install/launch:/home/danielh/ros2_galactic/install/osrf_pycommon:/home/danielh/ros2_galactic/install/domain_coordinator:/home/danielh/ros2_galactic/install/ament_xmllint:/home/danielh/ros2_galactic/install/ament_pyflakes:/home/danielh/ros2_galactic/install/ament_pycodestyle:/home/danielh/ros2_galactic/install/ament_pep257:/home/danielh/ros2_galactic/install/ament_pclint:/home/danielh/ros2_galactic/install/ament_package:/home/danielh/ros2_galactic/install/ament_mypy:/home/danielh/ros2_galactic/install/ament_lint_cmake:/home/danielh/ros2_galactic/install/ament_flake8:/home/danielh/ros2_galactic/install/ament_copyright:/home/danielh/ros2_galactic/install/ament_lint:/home/danielh/ros2_galactic/install/ament_index_python:/home/danielh/ros2_galactic/install/ament_cpplint:/home/danielh/ros2_galactic/install/ament_cppcheck:/home/danielh/ros2_galactic/install/ament_clang_tidy:/home/danielh/ros2_galactic/install/ament_clang_format /usr/bin/cmake --build /home/danielh/mas418_ros2_ws/build/crane_controller -- -j12 -l12
[0.093s] [35m[1mScanning dependencies of target talker[0m
[0.126s] [ 50%] [32mBuilding CXX object CMakeFiles/talker.dir/src/motion_ref_generator.cpp.o[0m
[1.319s] [01m[K/home/danielh/mas418_ros2_ws/src/crane_controller/src/motion_ref_generator.cpp:18:28:[m[K [01;31m[Kerror: [m[KISO C++ forbids declaration of â€˜[01m[KMotionReferencePublisher[m[Kâ€™ with no type [[01;31m[K-fpermissive[m[K]
[1.319s]    18 |   MotionReferencePublisher([01;31m[K)[m[K
[1.319s]       |                            [01;31m[K^[m[K
[1.323s] [01m[K/home/danielh/mas418_ros2_ws/src/crane_controller/src/motion_ref_generator.cpp:[m[K In member function â€˜[01m[Kint MinimalPublisher::MotionReferencePublisher()[m[Kâ€™:
[1.323s] [01m[K/home/danielh/mas418_ros2_ws/src/crane_controller/src/motion_ref_generator.cpp:19:5:[m[K [01;31m[Kerror: [m[Konly constructors take member initializers
[1.323s]    19 |   : [01;31m[KNode[m[K("motion_reference_publisher"), count_(0)
[1.323s]       |     [01;31m[K^~~~[m[K
[1.324s] [01m[K/home/danielh/mas418_ros2_ws/src/crane_controller/src/motion_ref_generator.cpp:23:25:[m[K [01;31m[Kerror: [m[Kâ€˜[01m[KMotionReferencePublisher[m[Kâ€™ is not a class, namespace, or enumeration
[1.324s]    23 |       500ms, std::bind(&[01;31m[KMotionReferencePublisher[m[K::timer_callback, this));
[1.324s]       |                         [01;31m[K^~~~~~~~~~~~~~~~~~~~~~~~[m[K
[1.324s] [01m[K/home/danielh/mas418_ros2_ws/src/crane_controller/src/motion_ref_generator.cpp:24:3:[m[K [01;35m[Kwarning: [m[Kno return statement in function returning non-void [[01;35m[K-Wreturn-type[m[K]
[1.324s]    24 |   [01;35m[K}[m[K
[1.324s]       |   [01;35m[K^[m[K
[1.332s] [01m[K/home/danielh/mas418_ros2_ws/src/crane_controller/src/motion_ref_generator.cpp:[m[K In function â€˜[01m[Kint main(int, char**)[m[Kâ€™:
[1.332s] [01m[K/home/danielh/mas418_ros2_ws/src/crane_controller/src/motion_ref_generator.cpp:42:33:[m[K [01;31m[Kerror: [m[Kâ€˜[01m[KMotionReferencePublisher[m[Kâ€™ was not declared in this scope
[1.332s]    42 |   rclcpp::spin(std::make_shared<[01;31m[KMotionReferencePublisher[m[K>());
[1.332s]       |                                 [01;31m[K^~~~~~~~~~~~~~~~~~~~~~~~[m[K
[1.332s] [01m[K/home/danielh/mas418_ros2_ws/src/crane_controller/src/motion_ref_generator.cpp:42:59:[m[K [01;31m[Kerror: [m[Kno matching function for call to â€˜[01m[Kmake_shared<<expression error> >()[m[Kâ€™
[1.332s]    42 |   rclcpp::spin(std::make_shared<MotionReferencePublisher>([01;31m[K)[m[K);
[1.332s]       |                                                           [01;31m[K^[m[K
[1.332s] In file included from [01m[K/usr/include/c++/9/memory:81[m[K,
[1.333s]                  from [01m[K/home/danielh/mas418_ros2_ws/src/crane_controller/src/motion_ref_generator.cpp:3[m[K:
[1.333s] [01m[K/usr/include/c++/9/bits/shared_ptr.h:714:5:[m[K [01;36m[Knote: [m[Kcandidate: â€˜[01m[Ktemplate<class _Tp, class ... _Args> std::shared_ptr<_Tp> std::make_shared(_Args&& ...)[m[Kâ€™
[1.333s]   714 |     [01;36m[Kmake_shared[m[K(_Args&&... __args)
[1.333s]       |     [01;36m[K^~~~~~~~~~~[m[K
[1.333s] [01m[K/usr/include/c++/9/bits/shared_ptr.h:714:5:[m[K [01;36m[Knote: [m[K  template argument deduction/substitution failed:
[1.333s] [01m[K/home/danielh/mas418_ros2_ws/src/crane_controller/src/motion_ref_generator.cpp:42:59:[m[K [01;31m[Kerror: [m[Ktemplate argument 1 is invalid
[1.333s]    42 |   rclcpp::spin(std::make_shared<MotionReferencePublisher>([01;31m[K)[m[K);
[1.333s]       |                                                           [01;31m[K^[m[K
[1.928s] make[2]: *** [CMakeFiles/talker.dir/build.make:63: CMakeFiles/talker.dir/src/motion_ref_generator.cpp.o] Error 1
[1.928s] make[1]: *** [CMakeFiles/Makefile2:78: CMakeFiles/talker.dir/all] Error 2
[1.928s] make: *** [Makefile:141: all] Error 2
[1.929s] Invoked command in '/home/danielh/mas418_ros2_ws/build/crane_controller' returned '2': CMAKE_PREFIX_PATH=${CMAKE_PREFIX_PATH}:/home/danielh/ros2_galactic/install/rqt_bag_plugins:/home/danielh/ros2_galactic/install/rqt_bag:/home/danielh/ros2_galactic/install/ros2bag:/home/danielh/ros2_galactic/install/tracetools_launch:/home/danielh/ros2_galactic/install/topic_monitor:/home/danielh/ros2_galactic/install/tf2_tools:/home/danielh/ros2_galactic/install/examples_tf2_py:/home/danielh/ros2_galactic/install/tf2_ros_py:/home/danielh/ros2_galactic/install/sros2:/home/danielh/ros2_galactic/install/rqt_topic:/home/danielh/ros2_galactic/install/rqt_top:/home/danielh/ros2_galactic/install/rqt_srv:/home/danielh/ros2_galactic/install/rqt_shell:/home/danielh/ros2_galactic/install/rqt_service_caller:/home/danielh/ros2_galactic/install/rqt_reconfigure:/home/danielh/ros2_galactic/install/rqt_py_console:/home/danielh/ros2_galactic/install/rqt_publisher:/home/danielh/ros2_galactic/install/rqt_plot:/home/danielh/ros2_galactic/install/rqt_action:/home/danielh/ros2_galactic/install/rqt_msg:/home/danielh/ros2_galactic/install/rqt_console:/home/danielh/ros2_galactic/install/rqt:/home/danielh/ros2_galactic/install/rqt_graph:/home/danielh/ros2_galactic/install/rqt_gui_py:/home/danielh/ros2_galactic/install/rqt_gui:/home/danielh/ros2_galactic/install/ros2trace:/home/danielh/ros2_galactic/install/ros2topic:/home/danielh/ros2_galactic/install/ros2test:/home/danielh/ros2_galactic/install/ros2component:/home/danielh/ros2_galactic/install/ros2param:/home/danielh/ros2_galactic/install/ros2lifecycle:/home/danielh/ros2_galactic/install/ros2service:/home/danielh/ros2_galactic/install/ros2run:/home/danielh/ros2_galactic/install/ros2launch:/home/danielh/ros2_galactic/install/ros2pkg:/home/danielh/ros2_galactic/install/ros2node:/home/danielh/ros2_galactic/install/ros2multicast:/home/danielh/ros2_galactic/install/ros2interface:/home/danielh/ros2_galactic/install/ros2doctor:/home/danielh/ros2_galactic/install/ros2action:/home/danielh/ros2_galactic/install/ros2cli:/home/danielh/ros2_galactic/install/quality_of_service_demo_py:/home/danielh/ros2_galactic/install/launch_testing_ros:/home/danielh/ros2_galactic/install/launch_ros:/home/danielh/ros2_galactic/install/joint_state_publisher_gui:/home/danielh/ros2_galactic/install/joint_state_publisher:/home/danielh/ros2_galactic/install/examples_rclpy_pointcloud_publisher:/home/danielh/ros2_galactic/install/examples_rclpy_minimal_subscriber:/home/danielh/ros2_galactic/install/examples_rclpy_minimal_service:/home/danielh/ros2_galactic/install/examples_rclpy_minimal_publisher:/home/danielh/ros2_galactic/install/examples_rclpy_minimal_client:/home/danielh/ros2_galactic/install/examples_rclpy_minimal_action_server:/home/danielh/ros2_galactic/install/examples_rclpy_minimal_action_client:/home/danielh/ros2_galactic/install/examples_rclpy_guard_conditions:/home/danielh/ros2_galactic/install/examples_rclpy_executors:/home/danielh/ros2_galactic/install/demo_nodes_py:/home/danielh/ros2_galactic/install/action_tutorials_py:/home/danielh/ros2_galactic/install/ament_uncrustify:/home/danielh/ros2_galactic/install/tracetools_trace:/home/danielh/ros2_galactic/install/tracetools_read:/home/danielh/ros2_galactic/install/test_launch_ros:/home/danielh/ros2_galactic/install/sensor_msgs_py:/home/danielh/ros2_galactic/install/rpyutils:/home/danielh/ros2_galactic/install/rosidl_runtime_py:/home/danielh/ros2_galactic/install/rosidl_cli:/home/danielh/ros2_galactic/install/launch_yaml:/home/danielh/ros2_galactic/install/launch_xml:/home/danielh/ros2_galactic/install/launch_testing:/home/danielh/ros2_galactic/install/launch:/home/danielh/ros2_galactic/install/osrf_pycommon:/home/danielh/ros2_galactic/install/domain_coordinator:/home/danielh/ros2_galactic/install/ament_xmllint:/home/danielh/ros2_galactic/install/ament_pyflakes:/home/danielh/ros2_galactic/install/ament_pycodestyle:/home/danielh/ros2_galactic/install/ament_pep257:/home/danielh/ros2_galactic/install/ament_pclint:/home/danielh/ros2_galactic/install/ament_package:/home/danielh/ros2_galactic/install/ament_mypy:/home/danielh/ros2_galactic/install/ament_lint_cmake:/home/danielh/ros2_galactic/install/ament_flake8:/home/danielh/ros2_galactic/install/ament_copyright:/home/danielh/ros2_galactic/install/ament_lint:/home/danielh/ros2_galactic/install/ament_index_python:/home/danielh/ros2_galactic/install/ament_cpplint:/home/danielh/ros2_galactic/install/ament_cppcheck:/home/danielh/ros2_galactic/install/ament_clang_tidy:/home/danielh/ros2_galactic/install/ament_clang_format /usr/bin/cmake --build /home/danielh/mas418_ros2_ws/build/crane_controller -- -j12 -l12
